[38;5;196m  ___  _     ___  ___   ___ 
 / __|| |   |_ _||   \ | __|
| (__ | |__  | | | |) || _| 
 \___||____||___||___/ |___|
                            

[0m
[38;5;124m   â–ˆâ–ˆâ–ˆâ–ˆâ–ˆâ–ˆâ•—[38;5;160mâ–ˆâ–ˆâ•—     [38;5;196mâ–ˆâ–ˆâ•—[38;5;160mâ–ˆâ–ˆâ–ˆâ–ˆâ–ˆâ–ˆâ•— â–ˆâ–ˆâ–ˆâ–ˆâ–ˆâ–ˆâ–ˆâ•—[0m
[38;5;124m  â–ˆâ–ˆâ•”â•â•â•â•â•[38;5;160mâ–ˆâ–ˆâ•‘     [38;5;196mâ–ˆâ–ˆâ•‘[38;5;160mâ–ˆâ–ˆâ•”â•â•â–ˆâ–ˆâ•—â–ˆâ–ˆâ•”â•â•â•â•â•[0m
[38;5;124m  â–ˆâ–ˆâ•‘     [38;5;160mâ–ˆâ–ˆâ•‘     [38;5;196mâ–ˆâ–ˆâ•‘[38;5;160mâ–ˆâ–ˆâ•‘  â–ˆâ–ˆâ•‘â–ˆâ–ˆâ–ˆâ–ˆâ–ˆâ•—  [0m
[38;5;124m  â–ˆâ–ˆâ•‘     [38;5;160mâ–ˆâ–ˆâ•‘     [38;5;196mâ–ˆâ–ˆâ•‘[38;5;160mâ–ˆâ–ˆâ•‘  â–ˆâ–ˆâ•‘â–ˆâ–ˆâ•”â•â•â•  [0m
[38;5;124m  â•šâ–ˆâ–ˆâ–ˆâ–ˆâ–ˆâ–ˆâ•—[38;5;160mâ–ˆâ–ˆâ–ˆâ–ˆâ–ˆâ–ˆâ–ˆâ•—[38;5;196mâ–ˆâ–ˆâ•‘[38;5;160mâ–ˆâ–ˆâ–ˆâ–ˆâ–ˆâ–ˆâ•”â•â–ˆâ–ˆâ–ˆâ–ˆâ–ˆâ–ˆâ–ˆâ•—[0m
[38;5;124m   â•šâ•â•â•â•â•â•[38;5;160mâ•šâ•â•â•â•â•â•â•[38;5;196mâ•šâ•â•[38;5;160mâ•šâ•â•â•â•â•â• â•šâ•â•â•â•â•â•â•[0m
   [38;5;240mKOS // NEURAL-KERNEL v1.0.0 | LINK: [38;5;118mSECURE[0m

[38;5;196m   _    _____  _       _    ___     __   __  _____   ___   _____    _    _      ___ __   __ ___  _____  ___  __  __ 
  /_\  |_   _|| |     /_\  / __|   / /  / / |_   _| / _ \ |_   _|  /_\  | |    / __|\ \ / // __||_   _|| __||  \/  |
 / _ \   | |  | |__  / _ \ \__ \  / /  / /    | |  | (_) |  | |   / _ \ | |__  \__ \ \ V / \__ \  | |  | _| | |\/| |
/_/ \_\  |_|  |____|/_/ \_\|___/ /_/  /_/     |_|   \___/   |_|  /_/ \_\|____| |___/  |_|  |___/  |_|  |___||_|  |_|
                                                                                                                    

[0m[38;5;124mâ•¾â”€â”€â”€â”€â”€â”€â”€â”€â”€â”€â”€â”€â”€â”€â”€â”€â”€â”€â”€â”€â”€â”€â”€â”€â”€â”€â”€â”€â”€â”€â”€â”€â”€â”€â”€â”€â”€â”€â”€â”€â”€â”€â”€â”€â”€â”€â”€â”€â”€â”€â”€â”€â”€â”€â”€â”€â”€â”€â•¼[0m

[38;5;124mâ•¶[38;5;160mâ”€[38;5;196mâ•¼ âŸ¨ [1m[38;5;118mâ—ˆ BASIC PROTOCOL â—ˆ[0m âŸ© â•¾[38;5;196mâ”€[38;5;160mâ•´[38;5;124m
TOTAL SYSTEM COMMAND TREE
========================================================================
cli
[38;5;240mâ”œâ”€â”€[0m watch ............. Passive background log/shell monitoring
[38;5;240mâ”‚[0m   [38;5;240mâ”œâ”€â”€[0m start ......... Launch the Watchdog extractor
[38;5;240mâ”‚[0m   [38;5;240mâ”œâ”€â”€[0m stop .......... Terminate background extraction
[38;5;240mâ”‚[0m   [38;5;240mâ”œâ”€â”€[0m status ........ Health and PID verification
[38;5;240mâ”‚[0m   [38;5;240mâ””â”€â”€[0m logs .......... Tail the enriched ingestion stream
[38;5;240mâ”œâ”€â”€[0m probe ............. Active targeted data ingestion
[38;5;240mâ”‚[0m   [38;5;240mâ”œâ”€â”€[0m scout ......... Single-URL deep analysis
[38;5;240mâ”‚[0m   [38;5;240mâ”œâ”€â”€[0m manual ........ Selective file-based extraction
[38;5;240mâ”‚[0m   [38;5;240mâ”œâ”€â”€[0m capture ....... Snapshot current system state
[38;5;240mâ”‚[0m   [38;5;240mâ””â”€â”€[0m crawl ......... Recursive web-domain ingestion
[38;5;240mâ”œâ”€â”€[0m brain ............. Cognitive intent and vector memory
[38;5;240mâ”‚[0m   [38;5;240mâ”œâ”€â”€[0m query ......... Semantic search across all knowledge
[38;5;240mâ”‚[0m   [38;5;240mâ”œâ”€â”€[0m graph ......... Generate Mermaid/HTML relationship maps
[38;5;240mâ”‚[0m   [38;5;240mâ”œâ”€â”€[0m merge ......... Consolidate enriched logs into DB
[38;5;240mâ”‚[0m   [38;5;240mâ”œâ”€â”€[0m cloud ......... Dynamic Word Cloud {--live|--html}
[38;5;240mâ”‚[0m   [38;5;240mâ”œâ”€â”€[0m analyze ....... Run [38;5;226mLLM[0m synthesis on specific clusters
[38;5;240mâ”‚[0m   [38;5;240mâ”œâ”€â”€[0m summary ....... Generate executive project reports
[38;5;240mâ”‚[0m   [38;5;240mâ”œâ”€â”€[0m audit ......... Verify data integrity and conflict detection
[38;5;240mâ”‚[0m   [38;5;240mâ”œâ”€â”€[0m verify ........ Validation of stored facts
[38;5;240mâ”‚[0m   [38;5;240mâ”œâ”€â”€[0m list .......... Enumerate recent knowledge units
[38;5;240mâ”‚[0m   [38;5;240mâ”œâ”€â”€[0m connect ....... Manually link semantic nodes
[38;5;240mâ”‚[0m   [38;5;240mâ””â”€â”€[0m forget ........ Selective memory deletion
[38;5;240mâ”œâ”€â”€[0m index ............. [38;5;226m768D[0m Vector Space Lifecycle
[38;5;240mâ”‚[0m   [38;5;240mâ”œâ”€â”€[0m full .......... Global vector rebuild
[38;5;240mâ”‚[0m   [38;5;240mâ”œâ”€â”€[0m near .......... Find nearest semantic neighbors
[38;5;240mâ”‚[0m   [38;5;240mâ”œâ”€â”€[0m trace ......... Track unit provenance
[38;5;240mâ”‚[0m   [38;5;240mâ”œâ”€â”€[0m cluster ....... Identify knowledge hotspots
[38;5;240mâ”‚[0m   [38;5;240mâ”œâ”€â”€[0m prune ......... Evict low-importance nodes
[38;5;240mâ”‚[0m   [38;5;240mâ”œâ”€â”€[0m optimize ...... Deduplicate and sort registry
[38;5;240mâ”‚[0m   [38;5;240mâ””â”€â”€[0m stat .......... Dimensionality and volume telemetry
[38;5;240mâ”œâ”€â”€[0m auto .............. Autonomous orchestration
[38;5;240mâ”‚[0m   [38;5;240mâ”œâ”€â”€[0m tag ........... Automatic node categorization
[38;5;240mâ”‚[0m   [38;5;240mâ”œâ”€â”€[0m plan .......... Generate prioritized task strategies
[38;5;240mâ”‚[0m   [38;5;240mâ”œâ”€â”€[0m sync .......... Harmonize [38;5;51mtodo.md[0m with [38;5;51mmemory.db[0m
[38;5;240mâ”‚[0m   [38;5;240mâ”œâ”€â”€[0m audit ......... Self-correcting kernel integrity
[38;5;240mâ”‚[0m   [38;5;240mâ””â”€â”€[0m clean ......... Automated metadata sanitization
[38;5;240mâ”œâ”€â”€[0m dash/cli .......... Neural-Kernel Command Center Dashboard (DEFAULT)
[38;5;240mâ”œâ”€â”€[0m system ............ Root system status and config
[38;5;240mâ”‚[0m   [38;5;240mâ”œâ”€â”€[0m status ........ Standardized ingestion telemetry
[38;5;240mâ”‚[0m   [38;5;240mâ””â”€â”€[0m config ........ Kernel settings management
[38;5;240mâ”œâ”€â”€[0m manual ............ Human intervention and CRUD
[38;5;240mâ”‚[0m   [38;5;240mâ”œâ”€â”€[0m node .......... CRUD operations on knowledge units
[38;5;240mâ”‚[0m   [38;5;240mâ”œâ”€â”€[0m task .......... Direct todo/strategy management
[38;5;240mâ”‚[0m   [38;5;240mâ”œâ”€â”€[0m config ........ View/Modify system kernel settings
[38;5;240mâ”‚[0m   [38;5;240mâ””â”€â”€[0m asset ......... Direct registry/file management
[38;5;240mâ””â”€â”€[0m forge ............. Agentic asset and tool synthesis
    [38;5;240mâ”œâ”€â”€[0m tool .......... Synthesize new Python/[38;5;226mMCP[0m tools
    [38;5;240mâ”œâ”€â”€[0m evolve ........ Iterative refinement of existing tools
    [38;5;240mâ”œâ”€â”€[0m design ........ UI/UX layout generation
    [38;5;240mâ”œâ”€â”€[0m skill ......... Create new modular capabilities
    [38;5;240mâ”œâ”€â”€[0m persona ....... Define specialized agentic identities
    [38;5;240mâ”œâ”€â”€[0m test .......... Automated tool validation
    [38;5;240mâ”œâ”€â”€[0m bench ......... Performance and logic benchmarking
    [38;5;240mâ””â”€â”€[0m archive ....... Safe storage of deprecated assets
